{"/home/amit/Works/projects/2-pools-main/two-pools-backend/__tests__/test-server.ts": {"path":"/home/amit/Works/projects/2-pools-main/two-pools-backend/__tests__/test-server.ts","statementMap":{"0":{"start":{"line":12,"column":26},"end":{"line":37,"column":1}},"1":{"start":{"line":13,"column":14},"end":{"line":13,"column":23}},"2":{"start":{"line":14,"column":25},"end":{"line":14,"column":47}},"3":{"start":{"line":15,"column":2},"end":{"line":15,"column":23}},"4":{"start":{"line":16,"column":2},"end":{"line":30,"column":4}},"5":{"start":{"line":20,"column":40},"end":{"line":28,"column":8}},"6":{"start":{"line":36,"column":2},"end":{"line":36,"column":16}}},"fnMap":{"0":{"name":"(anonymous_0)","decl":{"start":{"line":12,"column":26},"end":{"line":12,"column":31}},"loc":{"start":{"line":12,"column":69},"end":{"line":37,"column":1}}},"1":{"name":"(anonymous_1)","decl":{"start":{"line":20,"column":15},"end":{"line":20,"column":20}},"loc":{"start":{"line":20,"column":40},"end":{"line":28,"column":8}}}},"branchMap":{},"s":{"0":1,"1":1,"2":1,"3":1,"4":1,"5":0,"6":1},"f":{"0":1,"1":0},"b":{}}
,"/home/amit/Works/projects/2-pools-main/two-pools-backend/src/config.ts": {"path":"/home/amit/Works/projects/2-pools-main/two-pools-backend/src/config.ts","statementMap":{"0":{"start":{"line":24,"column":4},"end":{"line":24,"column":15}},"1":{"start":{"line":26,"column":21},"end":{"line":41,"column":1}},"2":{"start":{"line":27,"column":2},"end":{"line":34,"column":null}},"3":{"start":{"line":28,"column":4},"end":{"line":33,"column":6}},"4":{"start":{"line":35,"column":2},"end":{"line":40,"column":4}},"5":{"start":{"line":43,"column":18},"end":{"line":58,"column":1}},"6":{"start":{"line":44,"column":2},"end":{"line":51,"column":null}},"7":{"start":{"line":45,"column":4},"end":{"line":50,"column":6}},"8":{"start":{"line":52,"column":2},"end":{"line":57,"column":4}}},"fnMap":{"0":{"name":"(anonymous_0)","decl":{"start":{"line":26,"column":21},"end":{"line":26,"column":24}},"loc":{"start":{"line":26,"column":26},"end":{"line":41,"column":1}}},"1":{"name":"(anonymous_1)","decl":{"start":{"line":43,"column":18},"end":{"line":43,"column":21}},"loc":{"start":{"line":43,"column":23},"end":{"line":58,"column":1}}}},"branchMap":{"0":{"loc":{"start":{"line":27,"column":2},"end":{"line":34,"column":null}},"type":"if","locations":[{"start":{"line":27,"column":2},"end":{"line":34,"column":null}}]},"1":{"loc":{"start":{"line":29,"column":20},"end":{"line":29,"column":43}},"type":"binary-expr","locations":[{"start":{"line":29,"column":20},"end":{"line":29,"column":37}},{"start":{"line":29,"column":41},"end":{"line":29,"column":43}}]},"2":{"loc":{"start":{"line":30,"column":21},"end":{"line":30,"column":45}},"type":"binary-expr","locations":[{"start":{"line":30,"column":21},"end":{"line":30,"column":39}},{"start":{"line":30,"column":43},"end":{"line":30,"column":45}}]},"3":{"loc":{"start":{"line":31,"column":21},"end":{"line":31,"column":45}},"type":"binary-expr","locations":[{"start":{"line":31,"column":21},"end":{"line":31,"column":39}},{"start":{"line":31,"column":43},"end":{"line":31,"column":45}}]},"4":{"loc":{"start":{"line":32,"column":25},"end":{"line":32,"column":53}},"type":"binary-expr","locations":[{"start":{"line":32,"column":25},"end":{"line":32,"column":47}},{"start":{"line":32,"column":51},"end":{"line":32,"column":53}}]},"5":{"loc":{"start":{"line":36,"column":18},"end":{"line":36,"column":36}},"type":"binary-expr","locations":[{"start":{"line":36,"column":18},"end":{"line":36,"column":30}},{"start":{"line":36,"column":34},"end":{"line":36,"column":36}}]},"6":{"loc":{"start":{"line":37,"column":19},"end":{"line":37,"column":38}},"type":"binary-expr","locations":[{"start":{"line":37,"column":19},"end":{"line":37,"column":32}},{"start":{"line":37,"column":36},"end":{"line":37,"column":38}}]},"7":{"loc":{"start":{"line":38,"column":19},"end":{"line":38,"column":38}},"type":"binary-expr","locations":[{"start":{"line":38,"column":19},"end":{"line":38,"column":32}},{"start":{"line":38,"column":36},"end":{"line":38,"column":38}}]},"8":{"loc":{"start":{"line":39,"column":23},"end":{"line":39,"column":46}},"type":"binary-expr","locations":[{"start":{"line":39,"column":23},"end":{"line":39,"column":40}},{"start":{"line":39,"column":44},"end":{"line":39,"column":46}}]},"9":{"loc":{"start":{"line":44,"column":2},"end":{"line":51,"column":null}},"type":"if","locations":[{"start":{"line":44,"column":2},"end":{"line":51,"column":null}}]},"10":{"loc":{"start":{"line":46,"column":22},"end":{"line":46,"column":47}},"type":"binary-expr","locations":[{"start":{"line":46,"column":22},"end":{"line":46,"column":41}},{"start":{"line":46,"column":45},"end":{"line":46,"column":47}}]},"11":{"loc":{"start":{"line":47,"column":22},"end":{"line":47,"column":47}},"type":"binary-expr","locations":[{"start":{"line":47,"column":22},"end":{"line":47,"column":41}},{"start":{"line":47,"column":45},"end":{"line":47,"column":47}}]},"12":{"loc":{"start":{"line":48,"column":18},"end":{"line":48,"column":39}},"type":"binary-expr","locations":[{"start":{"line":48,"column":18},"end":{"line":48,"column":33}},{"start":{"line":48,"column":37},"end":{"line":48,"column":39}}]},"13":{"loc":{"start":{"line":49,"column":18},"end":{"line":49,"column":39}},"type":"binary-expr","locations":[{"start":{"line":49,"column":18},"end":{"line":49,"column":33}},{"start":{"line":49,"column":37},"end":{"line":49,"column":39}}]},"14":{"loc":{"start":{"line":53,"column":20},"end":{"line":53,"column":40}},"type":"binary-expr","locations":[{"start":{"line":53,"column":20},"end":{"line":53,"column":34}},{"start":{"line":53,"column":38},"end":{"line":53,"column":40}}]},"15":{"loc":{"start":{"line":54,"column":20},"end":{"line":54,"column":40}},"type":"binary-expr","locations":[{"start":{"line":54,"column":20},"end":{"line":54,"column":34}},{"start":{"line":54,"column":38},"end":{"line":54,"column":40}}]},"16":{"loc":{"start":{"line":55,"column":16},"end":{"line":55,"column":32}},"type":"binary-expr","locations":[{"start":{"line":55,"column":16},"end":{"line":55,"column":26}},{"start":{"line":55,"column":30},"end":{"line":55,"column":32}}]},"17":{"loc":{"start":{"line":56,"column":16},"end":{"line":56,"column":32}},"type":"binary-expr","locations":[{"start":{"line":56,"column":16},"end":{"line":56,"column":26}},{"start":{"line":56,"column":30},"end":{"line":56,"column":32}}]},"18":{"loc":{"start":{"line":61,"column":7},"end":{"line":61,"column":32}},"type":"binary-expr","locations":[{"start":{"line":61,"column":7},"end":{"line":61,"column":15}},{"start":{"line":61,"column":19},"end":{"line":61,"column":32}}]},"19":{"loc":{"start":{"line":62,"column":8},"end":{"line":62,"column":20}},"type":"binary-expr","locations":[{"start":{"line":62,"column":8},"end":{"line":62,"column":12}},{"start":{"line":62,"column":16},"end":{"line":62,"column":20}}]},"20":{"loc":{"start":{"line":63,"column":15},"end":{"line":63,"column":53}},"type":"binary-expr","locations":[{"start":{"line":63,"column":15},"end":{"line":63,"column":26}},{"start":{"line":63,"column":30},"end":{"line":63,"column":53}}]},"21":{"loc":{"start":{"line":64,"column":19},"end":{"line":64,"column":40}},"type":"binary-expr","locations":[{"start":{"line":64,"column":19},"end":{"line":64,"column":34}},{"start":{"line":64,"column":38},"end":{"line":64,"column":40}}]}},"s":{"0":1,"1":1,"2":1,"3":1,"4":0,"5":1,"6":1,"7":1,"8":0},"f":{"0":1,"1":1},"b":{"0":[1],"1":[1,0],"2":[1,0],"3":[1,0],"4":[1,0],"5":[0,0],"6":[0,0],"7":[0,0],"8":[0,0],"9":[1],"10":[1,0],"11":[1,0],"12":[1,0],"13":[1,0],"14":[0,0],"15":[0,0],"16":[0,0],"17":[0,0],"18":[1,0],"19":[1,0],"20":[1,0],"21":[1,0]}}
,"/home/amit/Works/projects/2-pools-main/two-pools-backend/src/db.ts": {"path":"/home/amit/Works/projects/2-pools-main/two-pools-backend/src/db.ts","statementMap":{"0":{"start":{"line":4,"column":32},"end":{"line":10,"column":2}},"1":{"start":{"line":12,"column":18},"end":{"line":23,"column":1}},"2":{"start":{"line":13,"column":2},"end":{"line":18,"column":5}},"3":{"start":{"line":19,"column":2},"end":{"line":21,"column":null}},"4":{"start":{"line":20,"column":4},"end":{"line":20,"column":32}},"5":{"start":{"line":22,"column":2},"end":{"line":22,"column":62}},"6":{"start":{"line":25,"column":15},"end":{"line":30,"column":1}},"7":{"start":{"line":26,"column":2},"end":{"line":29,"column":null}},"8":{"start":{"line":27,"column":4},"end":{"line":27,"column":45}},"9":{"start":{"line":28,"column":4},"end":{"line":28,"column":38}},"10":{"start":{"line":32,"column":24},"end":{"line":39,"column":1}},"11":{"start":{"line":33,"column":2},"end":{"line":38,"column":null}},"12":{"start":{"line":34,"column":24},"end":{"line":34,"column":66}},"13":{"start":{"line":35,"column":4},"end":{"line":37,"column":null}},"14":{"start":{"line":36,"column":6},"end":{"line":36,"column":30}}},"fnMap":{"0":{"name":"(anonymous_0)","decl":{"start":{"line":12,"column":18},"end":{"line":12,"column":23}},"loc":{"start":{"line":12,"column":55},"end":{"line":23,"column":1}}},"1":{"name":"(anonymous_1)","decl":{"start":{"line":25,"column":15},"end":{"line":25,"column":20}},"loc":{"start":{"line":25,"column":26},"end":{"line":30,"column":1}}},"2":{"name":"(anonymous_2)","decl":{"start":{"line":32,"column":24},"end":{"line":32,"column":29}},"loc":{"start":{"line":32,"column":35},"end":{"line":39,"column":1}}}},"branchMap":{"0":{"loc":{"start":{"line":19,"column":2},"end":{"line":21,"column":null}},"type":"if","locations":[{"start":{"line":19,"column":2},"end":{"line":21,"column":null}}]},"1":{"loc":{"start":{"line":26,"column":2},"end":{"line":29,"column":null}},"type":"if","locations":[{"start":{"line":26,"column":2},"end":{"line":29,"column":null}}]},"2":{"loc":{"start":{"line":33,"column":2},"end":{"line":38,"column":null}},"type":"if","locations":[{"start":{"line":33,"column":2},"end":{"line":38,"column":null}}]}},"s":{"0":1,"1":1,"2":1,"3":1,"4":0,"5":1,"6":1,"7":1,"8":1,"9":1,"10":1,"11":1,"12":1,"13":1,"14":4},"f":{"0":1,"1":1,"2":1},"b":{"0":[0],"1":[1],"2":[1]}}
,"/home/amit/Works/projects/2-pools-main/two-pools-backend/src/pubsub.ts": {"path":"/home/amit/Works/projects/2-pools-main/two-pools-backend/src/pubsub.ts","statementMap":{"0":{"start":{"line":5,"column":16},"end":{"line":11,"column":2}},"1":{"start":{"line":13,"column":20},"end":{"line":23,"column":1}},"2":{"start":{"line":15,"column":4},"end":{"line":15,"column":66}},"3":{"start":{"line":16,"column":2},"end":{"line":21,"column":null}},"4":{"start":{"line":17,"column":27},"end":{"line":17,"column":44}},"5":{"start":{"line":18,"column":4},"end":{"line":20,"column":null}},"6":{"start":{"line":19,"column":6},"end":{"line":19,"column":38}},"7":{"start":{"line":22,"column":2},"end":{"line":22,"column":15}},"8":{"start":{"line":25,"column":15},"end":{"line":29,"column":2}},"9":{"start":{"line":31,"column":29},"end":{"line":31,"column":49}},"10":{"start":{"line":31,"column":35},"end":{"line":31,"column":49}}},"fnMap":{"0":{"name":"(anonymous_0)","decl":{"start":{"line":13,"column":20},"end":{"line":13,"column":21}},"loc":{"start":{"line":13,"column":45},"end":{"line":23,"column":1}}},"1":{"name":"(anonymous_1)","decl":{"start":{"line":31,"column":29},"end":{"line":31,"column":32}},"loc":{"start":{"line":31,"column":35},"end":{"line":31,"column":49}}}},"branchMap":{"0":{"loc":{"start":{"line":16,"column":2},"end":{"line":21,"column":null}},"type":"if","locations":[{"start":{"line":16,"column":2},"end":{"line":21,"column":null}}]},"1":{"loc":{"start":{"line":16,"column":6},"end":{"line":16,"column":57}},"type":"binary-expr","locations":[{"start":{"line":16,"column":6},"end":{"line":16,"column":31}},{"start":{"line":16,"column":35},"end":{"line":16,"column":57}}]},"2":{"loc":{"start":{"line":18,"column":4},"end":{"line":20,"column":null}},"type":"if","locations":[{"start":{"line":18,"column":4},"end":{"line":20,"column":null}}]}},"s":{"0":1,"1":1,"2":0,"3":0,"4":0,"5":0,"6":0,"7":0,"8":1,"9":1,"10":0},"f":{"0":0,"1":0},"b":{"0":[0],"1":[0,0],"2":[0]}}
,"/home/amit/Works/projects/2-pools-main/two-pools-backend/src/redis.ts": {"path":"/home/amit/Works/projects/2-pools-main/two-pools-backend/src/redis.ts","statementMap":{"0":{"start":{"line":4,"column":16},"end":{"line":10,"column":2}},"1":{"start":{"line":12,"column":20},"end":{"line":12,"column":46}},"2":{"start":{"line":14,"column":25},"end":{"line":14,"column":65}},"3":{"start":{"line":14,"column":37},"end":{"line":14,"column":65}}},"fnMap":{"0":{"name":"(anonymous_0)","decl":{"start":{"line":14,"column":25},"end":{"line":14,"column":30}},"loc":{"start":{"line":14,"column":37},"end":{"line":14,"column":65}}}},"branchMap":{},"s":{"0":1,"1":1,"2":1,"3":1},"f":{"0":1},"b":{}}
,"/home/amit/Works/projects/2-pools-main/two-pools-backend/src/server.ts": {"path":"/home/amit/Works/projects/2-pools-main/two-pools-backend/src/server.ts","statementMap":{"0":{"start":{"line":15,"column":17},"end":{"line":19,"column":1}},"1":{"start":{"line":17,"column":2},"end":{"line":17,"column":45}},"2":{"start":{"line":18,"column":2},"end":{"line":18,"column":17}},"3":{"start":{"line":22,"column":21},"end":{"line":22,"column":43}},"4":{"start":{"line":23,"column":13},"end":{"line":23,"column":30}},"5":{"start":{"line":25,"column":2},"end":{"line":28,"column":null}},"6":{"start":{"line":26,"column":4},"end":{"line":26,"column":55}},"7":{"start":{"line":27,"column":4},"end":{"line":27,"column":15}},"8":{"start":{"line":30,"column":17},"end":{"line":33,"column":4}},"9":{"start":{"line":35,"column":19},"end":{"line":38,"column":4}},"10":{"start":{"line":39,"column":24},"end":{"line":39,"column":55}},"11":{"start":{"line":41,"column":23},"end":{"line":52,"column":4}},"12":{"start":{"line":45,"column":8},"end":{"line":49,"column":10}},"13":{"start":{"line":47,"column":12},"end":{"line":47,"column":42}},"14":{"start":{"line":55,"column":4},"end":{"line":57,"column":49}},"15":{"start":{"line":59,"column":17},"end":{"line":68,"column":4}},"16":{"start":{"line":65,"column":22},"end":{"line":65,"column":67}},"17":{"start":{"line":66,"column":6},"end":{"line":66,"column":33}},"18":{"start":{"line":72,"column":2},"end":{"line":72,"column":36}}},"fnMap":{"0":{"name":"(anonymous_0)","decl":{"start":{"line":15,"column":17},"end":{"line":15,"column":null}},"loc":{"start":{"line":15,"column":17},"end":{"line":19,"column":1}}},"1":{"name":"startServer","decl":{"start":{"line":21,"column":22},"end":{"line":21,"column":33}},"loc":{"start":{"line":21,"column":46},"end":{"line":73,"column":1}}},"2":{"name":"(anonymous_2)","decl":{"start":{"line":44,"column":6},"end":{"line":44,"column":11}},"loc":{"start":{"line":44,"column":27},"end":{"line":50,"column":7}}},"3":{"name":"(anonymous_3)","decl":{"start":{"line":46,"column":10},"end":{"line":46,"column":15}},"loc":{"start":{"line":46,"column":27},"end":{"line":48,"column":11}}},"4":{"name":"(anonymous_4)","decl":{"start":{"line":64,"column":17},"end":{"line":64,"column":18}},"loc":{"start":{"line":64,"column":25},"end":{"line":67,"column":5}}}},"branchMap":{"0":{"loc":{"start":{"line":25,"column":2},"end":{"line":28,"column":null}},"type":"if","locations":[{"start":{"line":25,"column":2},"end":{"line":28,"column":null}}]},"1":{"loc":{"start":{"line":55,"column":4},"end":{"line":57,"column":49}},"type":"cond-expr","locations":[{"start":{"line":56,"column":8},"end":{"line":56,"column":10}},{"start":{"line":57,"column":8},"end":{"line":57,"column":49}}]}},"s":{"0":1,"1":0,"2":0,"3":1,"4":1,"5":1,"6":0,"7":0,"8":1,"9":1,"10":1,"11":1,"12":1,"13":0,"14":1,"15":1,"16":1,"17":1,"18":1},"f":{"0":0,"1":1,"2":1,"3":0,"4":1},"b":{"0":[0],"1":[0,1]}}
,"/home/amit/Works/projects/2-pools-main/two-pools-backend/src/helpers/enums.ts": {"path":"/home/amit/Works/projects/2-pools-main/two-pools-backend/src/helpers/enums.ts","statementMap":{"0":{"start":{"line":1,"column":0},"end":{"line":1,"column":null}},"1":{"start":{"line":2,"column":2},"end":{"line":2,"column":null}},"2":{"start":{"line":3,"column":2},"end":{"line":3,"column":null}},"3":{"start":{"line":4,"column":2},"end":{"line":4,"column":null}},"4":{"start":{"line":5,"column":2},"end":{"line":5,"column":null}},"5":{"start":{"line":6,"column":2},"end":{"line":6,"column":null}},"6":{"start":{"line":7,"column":2},"end":{"line":7,"column":null}},"7":{"start":{"line":8,"column":2},"end":{"line":8,"column":null}},"8":{"start":{"line":9,"column":2},"end":{"line":9,"column":null}},"9":{"start":{"line":12,"column":0},"end":{"line":12,"column":null}},"10":{"start":{"line":13,"column":2},"end":{"line":13,"column":null}},"11":{"start":{"line":14,"column":2},"end":{"line":14,"column":null}},"12":{"start":{"line":15,"column":2},"end":{"line":15,"column":null}}},"fnMap":{"0":{"name":"(anonymous_0)","decl":{"start":{"line":1,"column":0},"end":{"line":1,"column":5}},"loc":{"start":{"line":1,"column":19},"end":{"line":10,"column":1}}},"1":{"name":"(anonymous_1)","decl":{"start":{"line":12,"column":0},"end":{"line":12,"column":5}},"loc":{"start":{"line":12,"column":20},"end":{"line":16,"column":1}}}},"branchMap":{"0":{"loc":{"start":{"line":1,"column":5},"end":{"line":1,"column":null}},"type":"binary-expr","locations":[{"start":{"line":1,"column":5},"end":{"line":1,"column":19}},{"start":{"line":1,"column":5},"end":{"line":1,"column":null}}]},"1":{"loc":{"start":{"line":12,"column":5},"end":{"line":12,"column":null}},"type":"binary-expr","locations":[{"start":{"line":12,"column":5},"end":{"line":12,"column":20}},{"start":{"line":12,"column":5},"end":{"line":12,"column":null}}]}},"s":{"0":1,"1":1,"2":1,"3":1,"4":1,"5":1,"6":1,"7":1,"8":1,"9":1,"10":1,"11":1,"12":1},"f":{"0":1,"1":1},"b":{"0":[1,1],"1":[1,1]}}
,"/home/amit/Works/projects/2-pools-main/two-pools-backend/src/lib/authentication.ts": {"path":"/home/amit/Works/projects/2-pools-main/two-pools-backend/src/lib/authentication.ts","statementMap":{"0":{"start":{"line":6,"column":16},"end":{"line":10,"column":2}},"1":{"start":{"line":12,"column":20},"end":{"line":20,"column":2}},"2":{"start":{"line":22,"column":21},"end":{"line":22,"column":68}},"3":{"start":{"line":22,"column":40},"end":{"line":22,"column":68}},"4":{"start":{"line":25,"column":16},"end":{"line":25,"column":50}},"5":{"start":{"line":26,"column":19},"end":{"line":26,"column":49}},"6":{"start":{"line":27,"column":2},"end":{"line":29,"column":null}},"7":{"start":{"line":28,"column":4},"end":{"line":28,"column":23}},"8":{"start":{"line":30,"column":2},"end":{"line":32,"column":null}},"9":{"start":{"line":31,"column":4},"end":{"line":31,"column":52}},"10":{"start":{"line":34,"column":2},"end":{"line":36,"column":null}},"11":{"start":{"line":35,"column":4},"end":{"line":35,"column":55}},"12":{"start":{"line":37,"column":2},"end":{"line":44,"column":null}},"13":{"start":{"line":38,"column":4},"end":{"line":38,"column":53}},"14":{"start":{"line":40,"column":4},"end":{"line":42,"column":null}},"15":{"start":{"line":41,"column":6},"end":{"line":41,"column":50}},"16":{"start":{"line":43,"column":4},"end":{"line":43,"column":75}},"17":{"start":{"line":45,"column":2},"end":{"line":67,"column":null}},"18":{"start":{"line":46,"column":22},"end":{"line":46,"column":73}},"19":{"start":{"line":55,"column":8},"end":{"line":55,"column":17}},"20":{"start":{"line":56,"column":4},"end":{"line":64,"column":6}},"21":{"start":{"line":66,"column":4},"end":{"line":66,"column":62}},"22":{"start":{"line":70,"column":29},"end":{"line":72,"column":1}},"23":{"start":{"line":71,"column":2},"end":{"line":71,"column":63}}},"fnMap":{"0":{"name":"(anonymous_0)","decl":{"start":{"line":22,"column":21},"end":{"line":22,"column":22}},"loc":{"start":{"line":22,"column":40},"end":{"line":22,"column":68}}},"1":{"name":"authenticateToken","decl":{"start":{"line":24,"column":24},"end":{"line":24,"column":41}},"loc":{"start":{"line":24,"column":54},"end":{"line":68,"column":1}}},"2":{"name":"(anonymous_2)","decl":{"start":{"line":70,"column":29},"end":{"line":70,"column":30}},"loc":{"start":{"line":70,"column":47},"end":{"line":72,"column":1}}}},"branchMap":{"0":{"loc":{"start":{"line":27,"column":2},"end":{"line":29,"column":null}},"type":"if","locations":[{"start":{"line":27,"column":2},"end":{"line":29,"column":null}}]},"1":{"loc":{"start":{"line":27,"column":6},"end":{"line":27,"column":69}},"type":"binary-expr","locations":[{"start":{"line":27,"column":6},"end":{"line":27,"column":34}},{"start":{"line":27,"column":38},"end":{"line":27,"column":69}}]},"2":{"loc":{"start":{"line":30,"column":2},"end":{"line":32,"column":null}},"type":"if","locations":[{"start":{"line":30,"column":2},"end":{"line":32,"column":null}}]},"3":{"loc":{"start":{"line":34,"column":2},"end":{"line":36,"column":null}},"type":"if","locations":[{"start":{"line":34,"column":2},"end":{"line":36,"column":null}}]},"4":{"loc":{"start":{"line":40,"column":4},"end":{"line":42,"column":null}},"type":"if","locations":[{"start":{"line":40,"column":4},"end":{"line":42,"column":null}}]}},"s":{"0":1,"1":1,"2":1,"3":0,"4":0,"5":0,"6":0,"7":0,"8":0,"9":0,"10":0,"11":0,"12":0,"13":0,"14":0,"15":0,"16":0,"17":0,"18":0,"19":0,"20":0,"21":0,"22":1,"23":0},"f":{"0":0,"1":0,"2":0},"b":{"0":[0],"1":[0,0],"2":[0],"3":[0],"4":[0]}}
,"/home/amit/Works/projects/2-pools-main/two-pools-backend/src/lib/errors.ts": {"path":"/home/amit/Works/projects/2-pools-main/two-pools-backend/src/lib/errors.ts","statementMap":{"0":{"start":{"line":4,"column":2},"end":{"line":9,"column":5}}},"fnMap":{"0":{"name":"authenticationErrors","decl":{"start":{"line":3,"column":16},"end":{"line":3,"column":36}},"loc":{"start":{"line":3,"column":52},"end":{"line":10,"column":1}}}},"branchMap":{},"s":{"0":0},"f":{"0":0},"b":{}}
,"/home/amit/Works/projects/2-pools-main/two-pools-backend/src/models/category.model.ts": {"path":"/home/amit/Works/projects/2-pools-main/two-pools-backend/src/models/category.model.ts","statementMap":{"0":{"start":{"line":10,"column":23},"end":{"line":14,"column":null}},"1":{"start":{"line":17,"column":17},"end":{"line":17,"column":60}}},"fnMap":{},"branchMap":{},"s":{"0":1,"1":1},"f":{},"b":{}}
,"/home/amit/Works/projects/2-pools-main/two-pools-backend/src/models/index.ts": {"path":"/home/amit/Works/projects/2-pools-main/two-pools-backend/src/models/index.ts","statementMap":{"0":{"start":{"line":6,"column":15},"end":{"line":6,"column":49}}},"fnMap":{},"branchMap":{},"s":{"0":1},"f":{},"b":{}}
,"/home/amit/Works/projects/2-pools-main/two-pools-backend/src/models/project.model.ts": {"path":"/home/amit/Works/projects/2-pools-main/two-pools-backend/src/models/project.model.ts","statementMap":{"0":{"start":{"line":31,"column":22},"end":{"line":54,"column":null}},"1":{"start":{"line":57,"column":16},"end":{"line":57,"column":56}}},"fnMap":{},"branchMap":{},"s":{"0":1,"1":1},"f":{},"b":{}}
,"/home/amit/Works/projects/2-pools-main/two-pools-backend/src/models/skill.model.ts": {"path":"/home/amit/Works/projects/2-pools-main/two-pools-backend/src/models/skill.model.ts","statementMap":{"0":{"start":{"line":10,"column":20},"end":{"line":14,"column":null}},"1":{"start":{"line":17,"column":14},"end":{"line":17,"column":48}}},"fnMap":{},"branchMap":{},"s":{"0":1,"1":1},"f":{},"b":{}}
,"/home/amit/Works/projects/2-pools-main/two-pools-backend/src/models/user.model.ts": {"path":"/home/amit/Works/projects/2-pools-main/two-pools-backend/src/models/user.model.ts","statementMap":{"0":{"start":{"line":11,"column":19},"end":{"line":17,"column":null}},"1":{"start":{"line":20,"column":13},"end":{"line":20,"column":44}}},"fnMap":{},"branchMap":{},"s":{"0":1,"1":1},"f":{},"b":{}}
,"/home/amit/Works/projects/2-pools-main/two-pools-backend/src/resolvers/controller.miscl.ts": {"path":"/home/amit/Works/projects/2-pools-main/two-pools-backend/src/resolvers/controller.miscl.ts","statementMap":{"0":{"start":{"line":4,"column":2},"end":{"line":4,"column":71}},"1":{"start":{"line":8,"column":2},"end":{"line":15,"column":null}},"2":{"start":{"line":9,"column":18},"end":{"line":9,"column":63}},"3":{"start":{"line":10,"column":4},"end":{"line":10,"column":27}},"4":{"start":{"line":10,"column":15},"end":{"line":10,"column":27}},"5":{"start":{"line":11,"column":20},"end":{"line":11,"column":36}},"6":{"start":{"line":12,"column":4},"end":{"line":12,"column":17}},"7":{"start":{"line":14,"column":4},"end":{"line":14,"column":14}}},"fnMap":{"0":{"name":"setJSON","decl":{"start":{"line":3,"column":15},"end":{"line":3,"column":22}},"loc":{"start":{"line":3,"column":51},"end":{"line":5,"column":1}}},"1":{"name":"getJSON","decl":{"start":{"line":7,"column":15},"end":{"line":7,"column":22}},"loc":{"start":{"line":7,"column":41},"end":{"line":16,"column":1}}}},"branchMap":{"0":{"loc":{"start":{"line":10,"column":4},"end":{"line":10,"column":27}},"type":"if","locations":[{"start":{"line":10,"column":4},"end":{"line":10,"column":27}}]}},"s":{"0":0,"1":0,"2":0,"3":0,"4":0,"5":0,"6":0,"7":0},"f":{"0":0,"1":0},"b":{"0":[0]}}
,"/home/amit/Works/projects/2-pools-main/two-pools-backend/src/resolvers/index.ts": {"path":"/home/amit/Works/projects/2-pools-main/two-pools-backend/src/resolvers/index.ts","statementMap":{"0":{"start":{"line":3,"column":29},"end":{"line":3,"column":31}}},"fnMap":{},"branchMap":{},"s":{"0":1},"f":{},"b":{}}
,"/home/amit/Works/projects/2-pools-main/two-pools-backend/src/resolvers/skill.resolver.ts": {"path":"/home/amit/Works/projects/2-pools-main/two-pools-backend/src/resolvers/skill.resolver.ts","statementMap":{"0":{"start":{"line":22,"column":26},"end":{"line":22,"column":60}},"1":{"start":{"line":23,"column":6},"end":{"line":29,"column":null}},"2":{"start":{"line":24,"column":23},"end":{"line":24,"column":55}},"3":{"start":{"line":25,"column":8},"end":{"line":27,"column":null}},"4":{"start":{"line":26,"column":10},"end":{"line":26,"column":53}},"5":{"start":{"line":28,"column":8},"end":{"line":28,"column":22}},"6":{"start":{"line":30,"column":28},"end":{"line":30,"column":30}},"7":{"start":{"line":31,"column":6},"end":{"line":35,"column":null}},"8":{"start":{"line":32,"column":22},"end":{"line":32,"column":40}},"9":{"start":{"line":33,"column":8},"end":{"line":33,"column":29}},"10":{"start":{"line":33,"column":20},"end":{"line":33,"column":29}},"11":{"start":{"line":34,"column":8},"end":{"line":34,"column":34}},"12":{"start":{"line":36,"column":6},"end":{"line":36,"column":27}},"13":{"start":{"line":43,"column":20},"end":{"line":43,"column":49}},"14":{"start":{"line":44,"column":6},"end":{"line":51,"column":null}},"15":{"start":{"line":45,"column":22},"end":{"line":45,"column":60}},"16":{"start":{"line":46,"column":8},"end":{"line":48,"column":null}},"17":{"start":{"line":47,"column":10},"end":{"line":47,"column":52}},"18":{"start":{"line":49,"column":8},"end":{"line":49,"column":45}},"19":{"start":{"line":50,"column":8},"end":{"line":50,"column":21}},"20":{"start":{"line":52,"column":6},"end":{"line":52,"column":19}},"21":{"start":{"line":59,"column":6},"end":{"line":59,"column":46}},"22":{"start":{"line":68,"column":6},"end":{"line":74,"column":null}},"23":{"start":{"line":69,"column":23},"end":{"line":69,"column":58}},"24":{"start":{"line":70,"column":8},"end":{"line":70,"column":51}},"25":{"start":{"line":71,"column":8},"end":{"line":71,"column":21}},"26":{"start":{"line":73,"column":8},"end":{"line":73,"column":60}},"27":{"start":{"line":81,"column":20},"end":{"line":84,"column":null}},"28":{"start":{"line":86,"column":6},"end":{"line":88,"column":null}},"29":{"start":{"line":87,"column":8},"end":{"line":87,"column":50}},"30":{"start":{"line":89,"column":6},"end":{"line":89,"column":49}},"31":{"start":{"line":90,"column":6},"end":{"line":90,"column":19}},"32":{"start":{"line":97,"column":6},"end":{"line":106,"column":null}},"33":{"start":{"line":98,"column":22},"end":{"line":98,"column":69}},"34":{"start":{"line":99,"column":8},"end":{"line":101,"column":null}},"35":{"start":{"line":100,"column":10},"end":{"line":100,"column":52}},"36":{"start":{"line":102,"column":8},"end":{"line":102,"column":52}},"37":{"start":{"line":103,"column":8},"end":{"line":103,"column":21}},"38":{"start":{"line":105,"column":8},"end":{"line":105,"column":50}}},"fnMap":{"0":{"name":"(anonymous_0)","decl":{"start":{"line":17,"column":12},"end":{"line":17,"column":17}},"loc":{"start":{"line":21,"column":8},"end":{"line":37,"column":5}}},"1":{"name":"(anonymous_1)","decl":{"start":{"line":38,"column":11},"end":{"line":38,"column":16}},"loc":{"start":{"line":42,"column":8},"end":{"line":53,"column":5}}},"2":{"name":"(anonymous_2)","decl":{"start":{"line":54,"column":19},"end":{"line":54,"column":24}},"loc":{"start":{"line":58,"column":8},"end":{"line":60,"column":5}}},"3":{"name":"(anonymous_3)","decl":{"start":{"line":63,"column":14},"end":{"line":63,"column":19}},"loc":{"start":{"line":67,"column":8},"end":{"line":75,"column":5}}},"4":{"name":"(anonymous_4)","decl":{"start":{"line":76,"column":17},"end":{"line":76,"column":22}},"loc":{"start":{"line":80,"column":8},"end":{"line":91,"column":5}}},"5":{"name":"(anonymous_5)","decl":{"start":{"line":92,"column":17},"end":{"line":92,"column":22}},"loc":{"start":{"line":96,"column":8},"end":{"line":107,"column":5}}}},"branchMap":{"0":{"loc":{"start":{"line":23,"column":6},"end":{"line":29,"column":null}},"type":"if","locations":[{"start":{"line":23,"column":6},"end":{"line":29,"column":null}}]},"1":{"loc":{"start":{"line":33,"column":8},"end":{"line":33,"column":29}},"type":"if","locations":[{"start":{"line":33,"column":8},"end":{"line":33,"column":29}}]},"2":{"loc":{"start":{"line":44,"column":6},"end":{"line":51,"column":null}},"type":"if","locations":[{"start":{"line":44,"column":6},"end":{"line":51,"column":null}}]},"3":{"loc":{"start":{"line":46,"column":8},"end":{"line":48,"column":null}},"type":"if","locations":[{"start":{"line":46,"column":8},"end":{"line":48,"column":null}}]},"4":{"loc":{"start":{"line":86,"column":6},"end":{"line":88,"column":null}},"type":"if","locations":[{"start":{"line":86,"column":6},"end":{"line":88,"column":null}}]},"5":{"loc":{"start":{"line":99,"column":8},"end":{"line":101,"column":null}},"type":"if","locations":[{"start":{"line":99,"column":8},"end":{"line":101,"column":null}}]}},"s":{"0":1,"1":0,"2":0,"3":0,"4":0,"5":0,"6":0,"7":0,"8":0,"9":0,"10":0,"11":0,"12":0,"13":0,"14":0,"15":0,"16":0,"17":0,"18":0,"19":0,"20":0,"21":0,"22":0,"23":0,"24":0,"25":0,"26":0,"27":0,"28":0,"29":0,"30":0,"31":0,"32":0,"33":0,"34":0,"35":0,"36":0,"37":0,"38":0},"f":{"0":1,"1":0,"2":0,"3":0,"4":0,"5":0},"b":{"0":[0],"1":[0],"2":[0],"3":[0],"4":[0],"5":[0]}}
,"/home/amit/Works/projects/2-pools-main/two-pools-backend/src/schema/index.ts": {"path":"/home/amit/Works/projects/2-pools-main/two-pools-backend/src/schema/index.ts","statementMap":{"0":{"start":{"line":7,"column":19},"end":{"line":18,"column":2}}},"fnMap":{},"branchMap":{},"s":{"0":1},"f":{},"b":{}}
}
