{"/home/amit/Works/projects/2-pools-main/two-pools-backend/__tests__/test-server.ts": {"path":"/home/amit/Works/projects/2-pools-main/two-pools-backend/__tests__/test-server.ts","statementMap":{"0":{"start":{"line":4,"column":26},"end":{"line":10,"column":1}},"1":{"start":{"line":5,"column":14},"end":{"line":5,"column":23}},"2":{"start":{"line":6,"column":21},"end":{"line":6,"column":43}},"3":{"start":{"line":7,"column":2},"end":{"line":7,"column":23}},"4":{"start":{"line":9,"column":2},"end":{"line":9,"column":16}}},"fnMap":{"0":{"name":"(anonymous_0)","decl":{"start":{"line":4,"column":26},"end":{"line":4,"column":31}},"loc":{"start":{"line":4,"column":37},"end":{"line":10,"column":1}}}},"branchMap":{},"s":{"0":2,"1":2,"2":2,"3":2,"4":2},"f":{"0":2},"b":{}}
,"/home/amit/Works/projects/2-pools-main/two-pools-backend/src/db.ts": {"path":"/home/amit/Works/projects/2-pools-main/two-pools-backend/src/db.ts","statementMap":{"0":{"start":{"line":4,"column":32},"end":{"line":10,"column":2}},"1":{"start":{"line":12,"column":18},"end":{"line":23,"column":1}},"2":{"start":{"line":13,"column":2},"end":{"line":18,"column":5}},"3":{"start":{"line":19,"column":2},"end":{"line":21,"column":null}},"4":{"start":{"line":20,"column":4},"end":{"line":20,"column":32}},"5":{"start":{"line":22,"column":2},"end":{"line":22,"column":62}},"6":{"start":{"line":25,"column":15},"end":{"line":30,"column":1}},"7":{"start":{"line":26,"column":2},"end":{"line":29,"column":null}},"8":{"start":{"line":27,"column":4},"end":{"line":27,"column":45}},"9":{"start":{"line":28,"column":4},"end":{"line":28,"column":38}},"10":{"start":{"line":32,"column":24},"end":{"line":39,"column":1}},"11":{"start":{"line":33,"column":2},"end":{"line":38,"column":null}},"12":{"start":{"line":34,"column":24},"end":{"line":34,"column":66}},"13":{"start":{"line":35,"column":4},"end":{"line":37,"column":null}},"14":{"start":{"line":36,"column":6},"end":{"line":36,"column":30}}},"fnMap":{"0":{"name":"(anonymous_0)","decl":{"start":{"line":12,"column":18},"end":{"line":12,"column":23}},"loc":{"start":{"line":12,"column":55},"end":{"line":23,"column":1}}},"1":{"name":"(anonymous_1)","decl":{"start":{"line":25,"column":15},"end":{"line":25,"column":20}},"loc":{"start":{"line":25,"column":26},"end":{"line":30,"column":1}}},"2":{"name":"(anonymous_2)","decl":{"start":{"line":32,"column":24},"end":{"line":32,"column":29}},"loc":{"start":{"line":32,"column":35},"end":{"line":39,"column":1}}}},"branchMap":{"0":{"loc":{"start":{"line":19,"column":2},"end":{"line":21,"column":null}},"type":"if","locations":[{"start":{"line":19,"column":2},"end":{"line":21,"column":null}}]},"1":{"loc":{"start":{"line":26,"column":2},"end":{"line":29,"column":null}},"type":"if","locations":[{"start":{"line":26,"column":2},"end":{"line":29,"column":null}}]},"2":{"loc":{"start":{"line":33,"column":2},"end":{"line":38,"column":null}},"type":"if","locations":[{"start":{"line":33,"column":2},"end":{"line":38,"column":null}}]}},"s":{"0":2,"1":2,"2":2,"3":2,"4":0,"5":2,"6":2,"7":2,"8":2,"9":2,"10":2,"11":8,"12":8,"13":8,"14":11},"f":{"0":2,"1":2,"2":8},"b":{"0":[0],"1":[2],"2":[8]}}
,"/home/amit/Works/projects/2-pools-main/two-pools-backend/src/pubsub.ts": {"path":"/home/amit/Works/projects/2-pools-main/two-pools-backend/src/pubsub.ts","statementMap":{"0":{"start":{"line":5,"column":16},"end":{"line":11,"column":2}},"1":{"start":{"line":13,"column":20},"end":{"line":23,"column":1}},"2":{"start":{"line":15,"column":4},"end":{"line":15,"column":66}},"3":{"start":{"line":16,"column":2},"end":{"line":21,"column":null}},"4":{"start":{"line":17,"column":27},"end":{"line":17,"column":44}},"5":{"start":{"line":18,"column":4},"end":{"line":20,"column":null}},"6":{"start":{"line":19,"column":6},"end":{"line":19,"column":38}},"7":{"start":{"line":22,"column":2},"end":{"line":22,"column":15}},"8":{"start":{"line":25,"column":15},"end":{"line":29,"column":2}},"9":{"start":{"line":31,"column":29},"end":{"line":31,"column":49}},"10":{"start":{"line":31,"column":35},"end":{"line":31,"column":49}}},"fnMap":{"0":{"name":"(anonymous_0)","decl":{"start":{"line":13,"column":20},"end":{"line":13,"column":21}},"loc":{"start":{"line":13,"column":45},"end":{"line":23,"column":1}}},"1":{"name":"(anonymous_1)","decl":{"start":{"line":31,"column":29},"end":{"line":31,"column":32}},"loc":{"start":{"line":31,"column":35},"end":{"line":31,"column":49}}}},"branchMap":{"0":{"loc":{"start":{"line":16,"column":2},"end":{"line":21,"column":null}},"type":"if","locations":[{"start":{"line":16,"column":2},"end":{"line":21,"column":null}}]},"1":{"loc":{"start":{"line":16,"column":6},"end":{"line":16,"column":57}},"type":"binary-expr","locations":[{"start":{"line":16,"column":6},"end":{"line":16,"column":31}},{"start":{"line":16,"column":35},"end":{"line":16,"column":57}}]},"2":{"loc":{"start":{"line":18,"column":4},"end":{"line":20,"column":null}},"type":"if","locations":[{"start":{"line":18,"column":4},"end":{"line":20,"column":null}}]}},"s":{"0":2,"1":2,"2":0,"3":0,"4":0,"5":0,"6":0,"7":0,"8":2,"9":2,"10":0},"f":{"0":0,"1":0},"b":{"0":[0],"1":[0,0],"2":[0]}}
,"/home/amit/Works/projects/2-pools-main/two-pools-backend/src/redis.ts": {"path":"/home/amit/Works/projects/2-pools-main/two-pools-backend/src/redis.ts","statementMap":{"0":{"start":{"line":5,"column":30},"end":{"line":11,"column":2}},"1":{"start":{"line":13,"column":20},"end":{"line":13,"column":46}},"2":{"start":{"line":15,"column":18},"end":{"line":15,"column":58}},"3":{"start":{"line":15,"column":30},"end":{"line":15,"column":58}},"4":{"start":{"line":17,"column":0},"end":{"line":19,"column":null}},"5":{"start":{"line":18,"column":2},"end":{"line":18,"column":24}}},"fnMap":{"0":{"name":"(anonymous_0)","decl":{"start":{"line":15,"column":18},"end":{"line":15,"column":23}},"loc":{"start":{"line":15,"column":30},"end":{"line":15,"column":58}}}},"branchMap":{"0":{"loc":{"start":{"line":17,"column":0},"end":{"line":19,"column":null}},"type":"if","locations":[{"start":{"line":17,"column":0},"end":{"line":19,"column":null}}]}},"s":{"0":2,"1":2,"2":2,"3":2,"4":2,"5":0},"f":{"0":2},"b":{"0":[0]}}
,"/home/amit/Works/projects/2-pools-main/two-pools-backend/src/server.ts": {"path":"/home/amit/Works/projects/2-pools-main/two-pools-backend/src/server.ts","statementMap":{"0":{"start":{"line":15,"column":21},"end":{"line":15,"column":43}},"1":{"start":{"line":17,"column":17},"end":{"line":20,"column":4}},"2":{"start":{"line":22,"column":19},"end":{"line":25,"column":4}},"3":{"start":{"line":26,"column":24},"end":{"line":26,"column":55}},"4":{"start":{"line":28,"column":23},"end":{"line":39,"column":4}},"5":{"start":{"line":32,"column":8},"end":{"line":36,"column":10}},"6":{"start":{"line":34,"column":12},"end":{"line":34,"column":42}},"7":{"start":{"line":42,"column":4},"end":{"line":44,"column":49}},"8":{"start":{"line":46,"column":17},"end":{"line":55,"column":4}},"9":{"start":{"line":52,"column":22},"end":{"line":52,"column":67}},"10":{"start":{"line":53,"column":6},"end":{"line":53,"column":33}},"11":{"start":{"line":59,"column":2},"end":{"line":59,"column":32}}},"fnMap":{"0":{"name":"startServer","decl":{"start":{"line":14,"column":22},"end":{"line":14,"column":33}},"loc":{"start":{"line":14,"column":46},"end":{"line":60,"column":1}}},"1":{"name":"(anonymous_1)","decl":{"start":{"line":31,"column":6},"end":{"line":31,"column":11}},"loc":{"start":{"line":31,"column":27},"end":{"line":37,"column":7}}},"2":{"name":"(anonymous_2)","decl":{"start":{"line":33,"column":10},"end":{"line":33,"column":15}},"loc":{"start":{"line":33,"column":27},"end":{"line":35,"column":11}}},"3":{"name":"(anonymous_3)","decl":{"start":{"line":51,"column":17},"end":{"line":51,"column":18}},"loc":{"start":{"line":51,"column":25},"end":{"line":54,"column":5}}}},"branchMap":{"0":{"loc":{"start":{"line":42,"column":4},"end":{"line":44,"column":49}},"type":"cond-expr","locations":[{"start":{"line":43,"column":8},"end":{"line":43,"column":10}},{"start":{"line":44,"column":8},"end":{"line":44,"column":49}}]}},"s":{"0":2,"1":2,"2":2,"3":2,"4":2,"5":2,"6":0,"7":2,"8":2,"9":0,"10":0,"11":2},"f":{"0":2,"1":2,"2":0,"3":0},"b":{"0":[0,2]}}
,"/home/amit/Works/projects/2-pools-main/two-pools-backend/src/models/index.ts": {"path":"/home/amit/Works/projects/2-pools-main/two-pools-backend/src/models/index.ts","statementMap":{"0":{"start":{"line":6,"column":15},"end":{"line":6,"column":49}}},"fnMap":{},"branchMap":{},"s":{"0":2},"f":{},"b":{}}
,"/home/amit/Works/projects/2-pools-main/two-pools-backend/src/resolvers/controller.miscl.ts": {"path":"/home/amit/Works/projects/2-pools-main/two-pools-backend/src/resolvers/controller.miscl.ts","statementMap":{"0":{"start":{"line":4,"column":2},"end":{"line":4,"column":71}},"1":{"start":{"line":8,"column":2},"end":{"line":15,"column":null}},"2":{"start":{"line":9,"column":18},"end":{"line":9,"column":63}},"3":{"start":{"line":10,"column":4},"end":{"line":10,"column":27}},"4":{"start":{"line":10,"column":15},"end":{"line":10,"column":27}},"5":{"start":{"line":11,"column":20},"end":{"line":11,"column":36}},"6":{"start":{"line":12,"column":4},"end":{"line":12,"column":17}},"7":{"start":{"line":14,"column":4},"end":{"line":14,"column":14}}},"fnMap":{"0":{"name":"setJSON","decl":{"start":{"line":3,"column":15},"end":{"line":3,"column":22}},"loc":{"start":{"line":3,"column":51},"end":{"line":5,"column":1}}},"1":{"name":"getJSON","decl":{"start":{"line":7,"column":15},"end":{"line":7,"column":22}},"loc":{"start":{"line":7,"column":41},"end":{"line":16,"column":1}}}},"branchMap":{"0":{"loc":{"start":{"line":10,"column":4},"end":{"line":10,"column":27}},"type":"if","locations":[{"start":{"line":10,"column":4},"end":{"line":10,"column":27}}]}},"s":{"0":2,"1":2,"2":2,"3":2,"4":1,"5":1,"6":1,"7":0},"f":{"0":2,"1":2},"b":{"0":[1]}}
,"/home/amit/Works/projects/2-pools-main/two-pools-backend/src/resolvers/health.resolver.ts": {"path":"/home/amit/Works/projects/2-pools-main/two-pools-backend/src/resolvers/health.resolver.ts","statementMap":{"0":{"start":{"line":9,"column":19},"end":{"line":9,"column":35}},"1":{"start":{"line":11,"column":6},"end":{"line":14,"column":8}},"2":{"start":{"line":21,"column":6},"end":{"line":24,"column":8}},"3":{"start":{"line":28,"column":79},"end":{"line":30,"column":6}}},"fnMap":{"0":{"name":"(anonymous_0)","decl":{"start":{"line":9,"column":12},"end":{"line":9,"column":15}},"loc":{"start":{"line":9,"column":19},"end":{"line":9,"column":35}}},"1":{"name":"(anonymous_1)","decl":{"start":{"line":10,"column":14},"end":{"line":10,"column":15}},"loc":{"start":{"line":10,"column":75},"end":{"line":15,"column":5}}},"2":{"name":"(anonymous_2)","decl":{"start":{"line":16,"column":17},"end":{"line":16,"column":null}},"loc":{"start":{"line":20,"column":8},"end":{"line":25,"column":5}}},"3":{"name":"(anonymous_3)","decl":{"start":{"line":28,"column":12},"end":{"line":28,"column":13}},"loc":{"start":{"line":28,"column":79},"end":{"line":30,"column":6}}}},"branchMap":{"0":{"loc":{"start":{"line":12,"column":16},"end":{"line":12,"column":63}},"type":"cond-expr","locations":[{"start":{"line":12,"column":49},"end":{"line":12,"column":53}},{"start":{"line":12,"column":56},"end":{"line":12,"column":63}}]},"1":{"loc":{"start":{"line":22,"column":16},"end":{"line":22,"column":63}},"type":"cond-expr","locations":[{"start":{"line":22,"column":49},"end":{"line":22,"column":53}},{"start":{"line":22,"column":56},"end":{"line":22,"column":63}}]}},"s":{"0":1,"1":1,"2":1,"3":1},"f":{"0":1,"1":1,"2":1,"3":1},"b":{"0":[1,0],"1":[1,0]}}
,"/home/amit/Works/projects/2-pools-main/two-pools-backend/src/resolvers/skill.resolver.ts": {"path":"/home/amit/Works/projects/2-pools-main/two-pools-backend/src/resolvers/skill.resolver.ts","statementMap":{"0":{"start":{"line":21,"column":26},"end":{"line":21,"column":60}},"1":{"start":{"line":22,"column":6},"end":{"line":28,"column":null}},"2":{"start":{"line":23,"column":23},"end":{"line":23,"column":55}},"3":{"start":{"line":24,"column":8},"end":{"line":26,"column":null}},"4":{"start":{"line":25,"column":10},"end":{"line":25,"column":53}},"5":{"start":{"line":27,"column":8},"end":{"line":27,"column":22}},"6":{"start":{"line":29,"column":28},"end":{"line":29,"column":30}},"7":{"start":{"line":30,"column":6},"end":{"line":34,"column":null}},"8":{"start":{"line":31,"column":22},"end":{"line":31,"column":40}},"9":{"start":{"line":32,"column":8},"end":{"line":32,"column":29}},"10":{"start":{"line":32,"column":20},"end":{"line":32,"column":29}},"11":{"start":{"line":33,"column":8},"end":{"line":33,"column":34}},"12":{"start":{"line":36,"column":6},"end":{"line":36,"column":27}},"13":{"start":{"line":43,"column":20},"end":{"line":43,"column":49}},"14":{"start":{"line":44,"column":6},"end":{"line":51,"column":null}},"15":{"start":{"line":45,"column":22},"end":{"line":45,"column":60}},"16":{"start":{"line":46,"column":8},"end":{"line":48,"column":null}},"17":{"start":{"line":47,"column":10},"end":{"line":47,"column":52}},"18":{"start":{"line":49,"column":8},"end":{"line":49,"column":45}},"19":{"start":{"line":50,"column":8},"end":{"line":50,"column":21}},"20":{"start":{"line":52,"column":6},"end":{"line":52,"column":19}},"21":{"start":{"line":59,"column":6},"end":{"line":59,"column":46}},"22":{"start":{"line":68,"column":6},"end":{"line":74,"column":null}},"23":{"start":{"line":69,"column":23},"end":{"line":69,"column":58}},"24":{"start":{"line":70,"column":8},"end":{"line":70,"column":51}},"25":{"start":{"line":71,"column":8},"end":{"line":71,"column":21}},"26":{"start":{"line":73,"column":8},"end":{"line":73,"column":60}},"27":{"start":{"line":81,"column":20},"end":{"line":84,"column":null}},"28":{"start":{"line":86,"column":6},"end":{"line":88,"column":null}},"29":{"start":{"line":87,"column":8},"end":{"line":87,"column":50}},"30":{"start":{"line":89,"column":6},"end":{"line":89,"column":49}},"31":{"start":{"line":90,"column":6},"end":{"line":90,"column":19}},"32":{"start":{"line":97,"column":6},"end":{"line":106,"column":null}},"33":{"start":{"line":98,"column":22},"end":{"line":98,"column":69}},"34":{"start":{"line":99,"column":8},"end":{"line":101,"column":null}},"35":{"start":{"line":100,"column":10},"end":{"line":100,"column":52}},"36":{"start":{"line":102,"column":8},"end":{"line":102,"column":52}},"37":{"start":{"line":103,"column":8},"end":{"line":103,"column":21}},"38":{"start":{"line":105,"column":8},"end":{"line":105,"column":50}}},"fnMap":{"0":{"name":"(anonymous_0)","decl":{"start":{"line":16,"column":12},"end":{"line":16,"column":17}},"loc":{"start":{"line":20,"column":8},"end":{"line":37,"column":5}}},"1":{"name":"(anonymous_1)","decl":{"start":{"line":38,"column":11},"end":{"line":38,"column":16}},"loc":{"start":{"line":42,"column":8},"end":{"line":53,"column":5}}},"2":{"name":"(anonymous_2)","decl":{"start":{"line":54,"column":19},"end":{"line":54,"column":24}},"loc":{"start":{"line":58,"column":8},"end":{"line":60,"column":5}}},"3":{"name":"(anonymous_3)","decl":{"start":{"line":63,"column":14},"end":{"line":63,"column":19}},"loc":{"start":{"line":67,"column":8},"end":{"line":75,"column":5}}},"4":{"name":"(anonymous_4)","decl":{"start":{"line":76,"column":17},"end":{"line":76,"column":22}},"loc":{"start":{"line":80,"column":8},"end":{"line":91,"column":5}}},"5":{"name":"(anonymous_5)","decl":{"start":{"line":92,"column":17},"end":{"line":92,"column":22}},"loc":{"start":{"line":96,"column":8},"end":{"line":107,"column":5}}}},"branchMap":{"0":{"loc":{"start":{"line":22,"column":6},"end":{"line":28,"column":null}},"type":"if","locations":[{"start":{"line":22,"column":6},"end":{"line":28,"column":null}}]},"1":{"loc":{"start":{"line":22,"column":10},"end":{"line":22,"column":45}},"type":"binary-expr","locations":[{"start":{"line":22,"column":10},"end":{"line":22,"column":22}},{"start":{"line":22,"column":26},"end":{"line":22,"column":45}}]},"2":{"loc":{"start":{"line":32,"column":8},"end":{"line":32,"column":29}},"type":"if","locations":[{"start":{"line":32,"column":8},"end":{"line":32,"column":29}}]},"3":{"loc":{"start":{"line":44,"column":6},"end":{"line":51,"column":null}},"type":"if","locations":[{"start":{"line":44,"column":6},"end":{"line":51,"column":null}}]},"4":{"loc":{"start":{"line":46,"column":8},"end":{"line":48,"column":null}},"type":"if","locations":[{"start":{"line":46,"column":8},"end":{"line":48,"column":null}}]},"5":{"loc":{"start":{"line":86,"column":6},"end":{"line":88,"column":null}},"type":"if","locations":[{"start":{"line":86,"column":6},"end":{"line":88,"column":null}}]},"6":{"loc":{"start":{"line":99,"column":8},"end":{"line":101,"column":null}},"type":"if","locations":[{"start":{"line":99,"column":8},"end":{"line":101,"column":null}}]}},"s":{"0":2,"1":2,"2":1,"3":1,"4":0,"5":1,"6":1,"7":1,"8":1,"9":1,"10":0,"11":1,"12":1,"13":1,"14":1,"15":1,"16":1,"17":0,"18":1,"19":1,"20":0,"21":0,"22":1,"23":1,"24":1,"25":1,"26":0,"27":0,"28":0,"29":0,"30":0,"31":0,"32":0,"33":0,"34":0,"35":0,"36":0,"37":0,"38":0},"f":{"0":2,"1":1,"2":0,"3":1,"4":0,"5":0},"b":{"0":[1],"1":[2,2],"2":[0],"3":[1],"4":[0],"5":[0],"6":[0]}}
}
