TN:
SF:__tests__/test-server.ts
FN:12,(anonymous_0)
FN:20,(anonymous_1)
FNF:2
FNH:1
FNDA:1,(anonymous_0)
FNDA:0,(anonymous_1)
DA:12,1
DA:13,1
DA:14,1
DA:15,1
DA:16,1
DA:20,0
DA:36,1
LF:7
LH:6
BRF:0
BRH:0
end_of_record
TN:
SF:src/config.ts
FN:26,(anonymous_0)
FN:43,(anonymous_1)
FNF:2
FNH:2
FNDA:1,(anonymous_0)
FNDA:1,(anonymous_1)
DA:24,1
DA:26,1
DA:27,1
DA:28,1
DA:35,0
DA:43,1
DA:44,1
DA:45,1
DA:52,0
LF:9
LH:7
BRDA:27,0,0,1
BRDA:29,1,0,1
BRDA:29,1,1,0
BRDA:30,2,0,1
BRDA:30,2,1,0
BRDA:31,3,0,1
BRDA:31,3,1,0
BRDA:32,4,0,1
BRDA:32,4,1,0
BRDA:36,5,0,0
BRDA:36,5,1,0
BRDA:37,6,0,0
BRDA:37,6,1,0
BRDA:38,7,0,0
BRDA:38,7,1,0
BRDA:39,8,0,0
BRDA:39,8,1,0
BRDA:44,9,0,1
BRDA:46,10,0,1
BRDA:46,10,1,0
BRDA:47,11,0,1
BRDA:47,11,1,0
BRDA:48,12,0,1
BRDA:48,12,1,0
BRDA:49,13,0,1
BRDA:49,13,1,0
BRDA:53,14,0,0
BRDA:53,14,1,0
BRDA:54,15,0,0
BRDA:54,15,1,0
BRDA:55,16,0,0
BRDA:55,16,1,0
BRDA:56,17,0,0
BRDA:56,17,1,0
BRDA:61,18,0,1
BRDA:61,18,1,0
BRDA:62,19,0,1
BRDA:62,19,1,0
BRDA:63,20,0,1
BRDA:63,20,1,0
BRDA:64,21,0,1
BRDA:64,21,1,0
BRF:42
BRH:14
end_of_record
TN:
SF:src/db.ts
FN:12,(anonymous_0)
FN:25,(anonymous_1)
FN:32,(anonymous_2)
FNF:3
FNH:3
FNDA:1,(anonymous_0)
FNDA:1,(anonymous_1)
FNDA:1,(anonymous_2)
DA:4,1
DA:12,1
DA:13,1
DA:19,1
DA:20,0
DA:22,1
DA:25,1
DA:26,1
DA:27,1
DA:28,1
DA:32,1
DA:33,1
DA:34,1
DA:35,1
DA:36,4
LF:15
LH:14
BRDA:19,0,0,0
BRDA:26,1,0,1
BRDA:33,2,0,1
BRF:3
BRH:2
end_of_record
TN:
SF:src/pubsub.ts
FN:13,(anonymous_0)
FN:31,(anonymous_1)
FNF:2
FNH:0
FNDA:0,(anonymous_0)
FNDA:0,(anonymous_1)
DA:5,1
DA:13,1
DA:15,0
DA:16,0
DA:17,0
DA:18,0
DA:19,0
DA:22,0
DA:25,1
DA:31,1
LF:10
LH:4
BRDA:16,0,0,0
BRDA:16,1,0,0
BRDA:16,1,1,0
BRDA:18,2,0,0
BRF:4
BRH:0
end_of_record
TN:
SF:src/redis.ts
FN:14,(anonymous_0)
FNF:1
FNH:1
FNDA:1,(anonymous_0)
DA:4,1
DA:12,1
DA:14,1
LF:3
LH:3
BRF:0
BRH:0
end_of_record
TN:
SF:src/server.ts
FN:15,(anonymous_0)
FN:21,startServer
FN:44,(anonymous_2)
FN:46,(anonymous_3)
FN:64,(anonymous_4)
FNF:5
FNH:3
FNDA:0,(anonymous_0)
FNDA:1,startServer
FNDA:1,(anonymous_2)
FNDA:0,(anonymous_3)
FNDA:1,(anonymous_4)
DA:15,1
DA:17,0
DA:18,0
DA:22,1
DA:23,1
DA:25,1
DA:26,0
DA:27,0
DA:30,1
DA:35,1
DA:39,1
DA:41,1
DA:45,1
DA:47,0
DA:55,1
DA:59,1
DA:65,1
DA:66,1
DA:72,1
LF:19
LH:14
BRDA:25,0,0,0
BRDA:55,1,0,0
BRDA:55,1,1,1
BRF:3
BRH:1
end_of_record
TN:
SF:src/helpers/enums.ts
FN:1,(anonymous_0)
FN:12,(anonymous_1)
FNF:2
FNH:2
FNDA:1,(anonymous_0)
FNDA:1,(anonymous_1)
DA:1,1
DA:2,1
DA:3,1
DA:4,1
DA:5,1
DA:6,1
DA:7,1
DA:8,1
DA:9,1
DA:12,1
DA:13,1
DA:14,1
DA:15,1
LF:13
LH:13
BRDA:1,0,0,1
BRDA:1,0,1,1
BRDA:12,1,0,1
BRDA:12,1,1,1
BRF:4
BRH:4
end_of_record
TN:
SF:src/lib/authentication.ts
FN:22,(anonymous_0)
FN:24,authenticateToken
FN:70,(anonymous_2)
FNF:3
FNH:0
FNDA:0,(anonymous_0)
FNDA:0,authenticateToken
FNDA:0,(anonymous_2)
DA:6,1
DA:12,1
DA:22,1
DA:25,0
DA:26,0
DA:27,0
DA:28,0
DA:30,0
DA:31,0
DA:34,0
DA:35,0
DA:37,0
DA:38,0
DA:40,0
DA:41,0
DA:43,0
DA:45,0
DA:46,0
DA:55,0
DA:56,0
DA:66,0
DA:70,1
DA:71,0
LF:23
LH:4
BRDA:27,0,0,0
BRDA:27,1,0,0
BRDA:27,1,1,0
BRDA:30,2,0,0
BRDA:34,3,0,0
BRDA:40,4,0,0
BRF:6
BRH:0
end_of_record
TN:
SF:src/lib/errors.ts
FN:3,authenticationErrors
FNF:1
FNH:0
FNDA:0,authenticationErrors
DA:4,0
LF:1
LH:0
BRF:0
BRH:0
end_of_record
TN:
SF:src/models/category.model.ts
FNF:0
FNH:0
DA:10,1
DA:17,1
LF:2
LH:2
BRF:0
BRH:0
end_of_record
TN:
SF:src/models/index.ts
FNF:0
FNH:0
DA:6,1
LF:1
LH:1
BRF:0
BRH:0
end_of_record
TN:
SF:src/models/project.model.ts
FNF:0
FNH:0
DA:31,1
DA:57,1
LF:2
LH:2
BRF:0
BRH:0
end_of_record
TN:
SF:src/models/skill.model.ts
FNF:0
FNH:0
DA:10,1
DA:17,1
LF:2
LH:2
BRF:0
BRH:0
end_of_record
TN:
SF:src/models/user.model.ts
FNF:0
FNH:0
DA:11,1
DA:20,1
LF:2
LH:2
BRF:0
BRH:0
end_of_record
TN:
SF:src/resolvers/controller.miscl.ts
FN:3,setJSON
FN:7,getJSON
FNF:2
FNH:0
FNDA:0,setJSON
FNDA:0,getJSON
DA:4,0
DA:8,0
DA:9,0
DA:10,0
DA:11,0
DA:12,0
DA:14,0
LF:7
LH:0
BRDA:10,0,0,0
BRF:1
BRH:0
end_of_record
TN:
SF:src/resolvers/index.ts
FNF:0
FNH:0
DA:3,1
LF:1
LH:1
BRF:0
BRH:0
end_of_record
TN:
SF:src/resolvers/skill.resolver.ts
FN:17,(anonymous_0)
FN:38,(anonymous_1)
FN:54,(anonymous_2)
FN:63,(anonymous_3)
FN:76,(anonymous_4)
FN:92,(anonymous_5)
FNF:6
FNH:1
FNDA:1,(anonymous_0)
FNDA:0,(anonymous_1)
FNDA:0,(anonymous_2)
FNDA:0,(anonymous_3)
FNDA:0,(anonymous_4)
FNDA:0,(anonymous_5)
DA:22,1
DA:23,0
DA:24,0
DA:25,0
DA:26,0
DA:28,0
DA:30,0
DA:31,0
DA:32,0
DA:33,0
DA:34,0
DA:36,0
DA:43,0
DA:44,0
DA:45,0
DA:46,0
DA:47,0
DA:49,0
DA:50,0
DA:52,0
DA:59,0
DA:68,0
DA:69,0
DA:70,0
DA:71,0
DA:73,0
DA:81,0
DA:86,0
DA:87,0
DA:89,0
DA:90,0
DA:97,0
DA:98,0
DA:99,0
DA:100,0
DA:102,0
DA:103,0
DA:105,0
LF:38
LH:1
BRDA:23,0,0,0
BRDA:33,1,0,0
BRDA:44,2,0,0
BRDA:46,3,0,0
BRDA:86,4,0,0
BRDA:99,5,0,0
BRF:6
BRH:0
end_of_record
TN:
SF:src/schema/index.ts
FNF:0
FNH:0
DA:7,1
LF:1
LH:1
BRF:0
BRH:0
end_of_record
