TN:
SF:__tests__/test-server.ts
FN:4,(anonymous_0)
FNF:1
FNH:1
FNDA:4,(anonymous_0)
DA:4,4
DA:5,4
DA:6,4
DA:7,4
DA:9,4
LF:5
LH:5
BRF:0
BRH:0
end_of_record
TN:
SF:src/db.ts
FN:12,(anonymous_0)
FN:25,(anonymous_1)
FN:32,(anonymous_2)
FNF:3
FNH:3
FNDA:4,(anonymous_0)
FNDA:4,(anonymous_1)
FNDA:18,(anonymous_2)
DA:4,4
DA:12,4
DA:13,4
DA:19,4
DA:20,0
DA:22,4
DA:25,4
DA:26,4
DA:27,4
DA:28,4
DA:32,4
DA:33,18
DA:34,18
DA:35,18
DA:36,28
LF:15
LH:14
BRDA:19,0,0,0
BRDA:26,1,0,4
BRDA:33,2,0,18
BRF:3
BRH:2
end_of_record
TN:
SF:src/pubsub.ts
FN:11,(anonymous_0)
FN:14,(anonymous_1)
FN:41,(anonymous_2)
FNF:3
FNH:0
FNDA:0,(anonymous_0)
FNDA:0,(anonymous_1)
FNDA:0,(anonymous_2)
DA:7,4
DA:11,0
DA:14,4
DA:16,0
DA:17,0
DA:18,0
DA:19,0
DA:20,0
DA:23,0
DA:26,4
DA:39,4
DA:41,4
LF:12
LH:5
BRDA:17,0,0,0
BRDA:17,1,0,0
BRDA:17,1,1,0
BRDA:19,2,0,0
BRF:4
BRH:0
end_of_record
TN:
SF:src/redis.ts
FN:15,(anonymous_0)
FNF:1
FNH:1
FNDA:4,(anonymous_0)
DA:5,4
DA:13,4
DA:15,4
DA:17,4
DA:18,0
LF:5
LH:4
BRDA:17,0,0,0
BRF:1
BRH:0
end_of_record
TN:
SF:src/generated/resolvers-types.ts
FN:50,(anonymous_0)
FN:61,(anonymous_1)
FNF:2
FNH:2
FNDA:1,(anonymous_0)
FNDA:1,(anonymous_1)
DA:50,1
DA:51,1
DA:52,1
DA:53,1
DA:54,1
DA:55,1
DA:56,1
DA:57,1
DA:58,1
DA:61,1
DA:62,1
DA:63,1
DA:64,1
LF:13
LH:13
BRDA:50,0,0,1
BRDA:50,0,1,1
BRDA:61,1,0,1
BRDA:61,1,1,1
BRF:4
BRH:4
end_of_record
TN:
SF:src/models/category.model.ts
FNF:0
FNH:0
DA:10,4
DA:17,4
LF:2
LH:2
BRF:0
BRH:0
end_of_record
TN:
SF:src/models/index.ts
FNF:0
FNH:0
DA:6,4
LF:1
LH:1
BRF:0
BRH:0
end_of_record
TN:
SF:src/models/skill.model.ts
FNF:0
FNH:0
DA:10,4
DA:17,4
LF:2
LH:2
BRF:0
BRH:0
end_of_record
TN:
SF:src/resolvers/index.ts
FNF:0
FNH:0
DA:6,4
LF:1
LH:1
BRF:0
BRH:0
end_of_record
TN:
SF:src/resolvers/project.resolver.ts
FN:20,(anonymous_0)
FN:41,(anonymous_1)
FN:59,(anonymous_2)
FN:73,(anonymous_3)
FN:92,(anonymous_4)
FN:114,(anonymous_5)
FN:118,(anonymous_6)
FN:120,(anonymous_7)
FN:127,(anonymous_8)
FN:129,(anonymous_9)
FNF:10
FNH:3
FNDA:2,(anonymous_0)
FNDA:0,(anonymous_1)
FNDA:1,(anonymous_2)
FNDA:1,(anonymous_3)
FNDA:0,(anonymous_4)
FNDA:0,(anonymous_5)
FNDA:0,(anonymous_6)
FNDA:0,(anonymous_7)
FNDA:0,(anonymous_8)
FNDA:0,(anonymous_9)
DA:25,2
DA:26,2
DA:27,1
DA:28,1
DA:29,0
DA:31,1
DA:33,1
DA:34,1
DA:35,1
DA:36,1
DA:37,1
DA:39,1
DA:46,0
DA:47,0
DA:48,0
DA:49,0
DA:50,0
DA:52,0
DA:53,0
DA:55,0
DA:64,1
DA:65,1
DA:66,1
DA:67,1
DA:68,1
DA:70,0
DA:78,1
DA:83,1
DA:84,0
DA:86,1
DA:87,1
DA:90,1
DA:97,0
DA:98,0
DA:99,0
DA:100,0
DA:102,0
DA:103,0
DA:106,0
DA:108,0
DA:114,0
DA:119,0
DA:121,0
DA:128,0
DA:130,0
LF:45
LH:21
BRDA:26,0,0,1
BRDA:36,1,0,0
BRDA:47,2,0,0
BRDA:49,3,0,0
BRDA:83,4,0,0
BRDA:99,5,0,0
BRF:6
BRH:1
end_of_record
TN:
SF:src/resolvers/skill.resolver.ts
FN:20,(anonymous_0)
FN:42,(anonymous_1)
FN:58,(anonymous_2)
FN:67,(anonymous_3)
FN:83,(anonymous_4)
FN:102,(anonymous_5)
FN:125,(anonymous_6)
FN:126,(anonymous_7)
FN:134,(anonymous_8)
FN:136,(anonymous_9)
FN:140,(anonymous_10)
FNF:11
FNH:3
FNDA:2,(anonymous_0)
FNDA:1,(anonymous_1)
FNDA:0,(anonymous_2)
FNDA:1,(anonymous_3)
FNDA:0,(anonymous_4)
FNDA:0,(anonymous_5)
FNDA:0,(anonymous_6)
FNDA:0,(anonymous_7)
FNDA:0,(anonymous_8)
FNDA:0,(anonymous_9)
FNDA:0,(anonymous_10)
DA:25,2
DA:26,2
DA:27,1
DA:28,1
DA:29,0
DA:31,1
DA:33,1
DA:34,1
DA:35,1
DA:36,1
DA:37,1
DA:40,1
DA:47,1
DA:48,1
DA:49,1
DA:50,1
DA:51,0
DA:53,1
DA:54,1
DA:56,0
DA:63,0
DA:72,1
DA:73,1
DA:74,1
DA:75,1
DA:78,1
DA:80,0
DA:88,0
DA:93,0
DA:94,0
DA:96,0
DA:99,0
DA:100,0
DA:107,0
DA:108,0
DA:109,0
DA:110,0
DA:112,0
DA:113,0
DA:116,0
DA:118,0
DA:125,0
DA:127,0
DA:128,0
DA:135,0
DA:136,0
DA:140,0
LF:47
LH:22
BRDA:26,0,0,1
BRDA:36,1,0,0
BRDA:48,2,0,1
BRDA:50,3,0,0
BRDA:93,4,0,0
BRDA:109,5,0,0
BRF:6
BRH:2
end_of_record
TN:
SF:src/subscriptions/index.ts
FNF:0
FNH:0
DA:6,4
LF:1
LH:1
BRF:0
BRH:0
end_of_record
TN:
SF:src/subscriptions/project.events.ts
FNF:0
FNH:0
DA:1,4
DA:2,4
DA:3,4
LF:3
LH:3
BRF:0
BRH:0
end_of_record
